<?xml version="1.0" encoding="UTF-8"?>
<testng-results ignored="0" total="1" passed="1" failed="0" skipped="0">
  <reporter-output>
  </reporter-output>
  <suite started-at="2023-01-29T11:31:49 IST" name="Default suite" finished-at="2023-01-29T11:32:18 IST" duration-ms="28868">
    <groups>
    </groups>
    <test started-at="2023-01-29T11:31:49 IST" name="Default test" finished-at="2023-01-29T11:32:18 IST" duration-ms="28868">
      <class name="com.Simplilearn.AppiumDemo.SpinnerExample">
        <test-method is-config="true" signature="launchApp()[pri:0, instance:com.Simplilearn.AppiumDemo.SpinnerExample@6404f418]" started-at="2023-01-29T11:31:49 IST" name="launchApp" finished-at="2023-01-29T11:32:00 IST" duration-ms="11240" status="PASS">
          <reporter-output>
          </reporter-output>
        </test-method> <!-- launchApp -->
        <test-method signature="selectValuesFromSpinners()[pri:0, instance:com.Simplilearn.AppiumDemo.SpinnerExample@6404f418]" started-at="2023-01-29T11:32:00 IST" name="selectValuesFromSpinners" finished-at="2023-01-29T11:32:18 IST" duration-ms="17455" status="PASS">
          <reporter-output>
          </reporter-output>
        </test-method> <!-- selectValuesFromSpinners -->
      </class> <!-- com.Simplilearn.AppiumDemo.SpinnerExample -->
    </test> <!-- Default test -->
  </suite> <!-- Default suite -->
</testng-results>
